Serving HTTP on port 9000 ...
900
1503738257.28
1503738257.28
900
1503738257.29
1503738257.29
900
1503738257.33
1503738257.33
900
1503738257.37
1503738257.37
900
1503738257.41
1503738257.41
900
1503738257.45
1503738257.45
900
1503738257.5
1503738257.5
900
1503738257.54
1503738257.54
900
1503738257.58
1503738257.58
900
1503738257.62
1503738257.62
900
1503738257.66
1503738257.66
900
1503738257.7
1503738257.7
900
1503738257.74
1503738257.74
900
1503738257.78
1503738257.78
900
1503738257.82
1503738257.82
900
1503738257.86
1503738257.86
900
1503738257.91
1503738257.91
900
1503738257.95
1503738257.95
900
1503738257.99
1503738257.99
900
1503738258.03
1503738258.03
900
1503738258.07
1503738258.07
900
1503738258.11
1503738258.11
900
1503738258.15
1503738258.15
900
1503738258.19
1503738258.19
900
1503738258.23
1503738258.23
900
1503738258.27
1503738258.27
900
1503738258.31
1503738258.31
900
1503738258.35
1503738258.35
900
1503738258.39
1503738258.39
900
1503738258.43
1503738258.43
900
1503738258.47
1503738258.47
900
1503738258.51
1503738258.51
900
1503738258.55
1503738258.55
900
1503738258.59
1503738258.59
900
1503738258.63
1503738258.63
900
1503738258.67
1503738258.67
900
1503738258.71
1503738258.71
900
1503738258.76
1503738258.76
900
1503738258.8
1503738258.8
900
1503738258.84
1503738258.84
900
1503738258.88
1503738258.88
900
1503738258.92
1503738258.92
900
1503738258.96
1503738258.96
900
1503738259.0
1503738259.0
900
1503738259.04
1503738259.04
900
1503738259.08
1503738259.08
900
1503738259.12
1503738259.12
900
1503738259.16
1503738259.16
900
1503738259.2
1503738259.2
900
1503738259.24
1503738259.24
900
1503738259.28
1503738259.28
900
1503738259.32
1503738259.32
900
1503738259.36
1503738259.36
900
1503738259.4
1503738259.4
900
1503738259.45
1503738259.45
900
1503738259.49
1503738259.49
900
1503738259.53
1503738259.53
900
1503738259.57
1503738259.57
900
1503738259.61
1503738259.61
900
1503738259.65
1503738259.65
900
1503738259.69
1503738259.69
900
1503738259.73
1503738259.73
900
1503738259.77
1503738259.77
900
1503738259.81
1503738259.81
900
1503738259.85
1503738259.85
900
1503738259.89
1503738259.89
900
1503738259.93
1503738259.93
900
1503738259.97
1503738259.97
900
1503738260.01
1503738260.01
900
1503738260.05
1503738260.05
900
1503738260.09
1503738260.09
900
1503738260.13
1503738260.13
900
1503738260.17
1503738260.17
900
1503738260.21
1503738260.21
900
1503738260.25
1503738260.25
900
1503738260.29
1503738260.29
900
1503738260.33
1503738260.33
900
1503738260.37
1503738260.37
900
1503738260.41
1503738260.41
900
1503738260.45
1503738260.45
900
1503738260.49
1503738260.49
900
1503738260.53
1503738260.53
900
1503738260.57
1503738260.57
900
1503738260.61
1503738260.61
900
1503738260.65
1503738260.65
900
1503738260.69
1503738260.69
900
1503738260.73
1503738260.73
900
1503738260.77
1503738260.77
900
1503738260.81
1503738260.81
900
1503738260.85
1503738260.85
900
1503738260.89
1503738260.89
900
1503738260.93
1503738260.93
900
1503738260.97
1503738260.97
900
1503738261.01
1503738261.01
900
1503738261.05
1503738261.05
900
1503738261.09
1503738261.09
900
1503738261.13
1503738261.13
900
1503738261.17
1503738261.17
900
1503738261.21
1503738261.21
900
1503738261.25
1503738261.25
900
1503738261.29
1503738261.29
900
1503738261.33
1503738261.33
900
1503738261.37
1503738261.37
900
1503738261.41
1503738261.41
900
1503738261.45
1503738261.45
900
1503738261.49
1503738261.49
900
1503738261.53
1503738261.53
900
1503738261.57
1503738261.57
900
1503738261.61
1503738261.61
900
1503738261.65
1503738261.65
900
1503738261.69
1503738261.69
900
1503738261.73
1503738261.73
900
1503738261.77
1503738261.77
900
1503738261.81
1503738261.81
900
1503738261.85
1503738261.85
900
1503738261.89
1503738261.89
900
1503738261.93
1503738261.93
900
1503738261.97
1503738261.97
900
1503738262.01
1503738262.01
900
1503738262.05
1503738262.05
900
1503738262.09
1503738262.09
900
1503738262.13
1503738262.13
900
1503738262.17
1503738262.17
900
1503738262.21
1503738262.21
900
1503738262.25
1503738262.25
900
1503738262.29
1503738262.29
900
1503738262.33
1503738262.33
900
1503738262.37
1503738262.37
900
1503738262.41
1503738262.41
900
1503738262.45
1503738262.45
900
1503738262.49
1503738262.49
900
1503738262.53
1503738262.53
900
1503738262.57
1503738262.57
900
1503738262.61
1503738262.61
900
1503738262.65
1503738262.65
900
1503738262.69
1503738262.69
900
1503738262.73
1503738262.73
900
1503738262.77
1503738262.77
900
1503738262.81
1503738262.81
900
1503738262.85
1503738262.85
900
1503738262.89
1503738262.89
900
1503738262.93
1503738262.93
900
1503738262.97
1503738262.97
900
1503738263.01
1503738263.01
900
1503738263.05
1503738263.05
900
1503738263.09
1503738263.09
900
1503738263.13
1503738263.13
900
1503738263.17
1503738263.17
900
1503738263.21
1503738263.21
900
1503738263.25
1503738263.25
900
1503738263.29
1503738263.29
900
1503738263.33
1503738263.33
900
1503738263.37
1503738263.37
900
1503738263.41
1503738263.41
900
1503738263.45
1503738263.45
900
1503738263.49
1503738263.49
900
1503738263.53
1503738263.53
900
1503738263.57
1503738263.57
900
1503738263.61
1503738263.61
900
1503738263.65
1503738263.65
900
1503738263.69
1503738263.69
900
1503738263.73
1503738263.73
900
1503738263.77
1503738263.77
900
1503738263.81
1503738263.81
900
1503738263.85
1503738263.85
900
1503738263.89
1503738263.89
900
1503738263.93
1503738263.93
900
1503738263.97
1503738263.97
900
1503738264.01
1503738264.01
900
1503738264.05
1503738264.05
900
1503738264.09
1503738264.09
900
1503738264.13
1503738264.13
900
1503738264.17
1503738264.17
900
1503738264.21
1503738264.21
900
1503738264.25
1503738264.25
900
1503738264.29
1503738264.29
900
1503738264.33
1503738264.33
900
1503738264.37
1503738264.37
900
1503738264.41
1503738264.41
900
1503738264.45
1503738264.45
900
1503738264.49
1503738264.49
900
1503738264.53
1503738264.53
900
1503738264.57
1503738264.57
900
1503738264.61
1503738264.61
900
1503738264.65
1503738264.65
900
1503738264.69
1503738264.69
900
1503738264.73
1503738264.73
900
1503738264.77
1503738264.77
900
1503738264.81
1503738264.81
900
1503738264.85
1503738264.85
900
1503738264.89
1503738264.89
900
1503738264.93
1503738264.93
900
1503738264.97
1503738264.97
900
1503738265.01
1503738265.01
900
1503738265.05
1503738265.05
900
1503738265.09
1503738265.09
900
1503738265.13
1503738265.13
900
1503738265.17
1503738265.17
900
1503738265.21
1503738265.21
900
1503738265.25
1503738265.25
900
1503738265.29
1503738265.29
900
1503738265.33
1503738265.33
900
1503738265.37
1503738265.37
900
1503738265.41
1503738265.41
900
1503738265.45
1503738265.45
900
1503738265.49
1503738265.49
900
1503738265.53
1503738265.53
900
1503738265.57
1503738265.57
900
1503738265.61
1503738265.61
900
1503738265.65
1503738265.65
900
1503738265.69
1503738265.69
900
1503738265.73
1503738265.73
900
1503738265.77
1503738265.77
900
1503738265.81
1503738265.81
900
1503738265.85
1503738265.85
900
1503738265.89
1503738265.89
900
1503738265.93
1503738265.93
900
1503738265.97
1503738265.97
900
1503738266.02
1503738266.02
900
1503738266.06
1503738266.06
900
1503738266.1
1503738266.1
900
1503738266.14
1503738266.14
900
1503738266.18
1503738266.18
900
1503738266.22
1503738266.22
900
1503738266.26
1503738266.26
900
1503738266.3
1503738266.3
900
1503738266.34
1503738266.34
900
1503738266.38
1503738266.38
900
1503738266.42
1503738266.42
900
1503738266.46
1503738266.46
900
1503738266.5
1503738266.5
900
1503738266.54
1503738266.54
900
1503738266.58
1503738266.58
900
1503738266.62
1503738266.62
900
1503738266.66
1503738266.66
900
1503738266.7
1503738266.7
900
1503738266.74
1503738266.74
900
1503738266.78
1503738266.78
900
1503738266.82
1503738266.82
900
1503738266.86
1503738266.86
900
1503738266.9
1503738266.9
900
1503738266.94
1503738266.94
900
1503738266.98
1503738266.98
900
1503738267.02
1503738267.02
900
1503738267.06
1503738267.06
900
1503738267.1
1503738267.1
900
1503738267.14
1503738267.14
900
1503738267.18
1503738267.18
900
1503738267.22
1503738267.22
900
1503738267.26
1503738267.26
900
1503738267.3
1503738267.3
900
1503738267.34
1503738267.34
900
1503738267.38
1503738267.38
900
1503738267.42
1503738267.42
900
1503738267.46
1503738267.46
900
1503738267.5
1503738267.5
900
1503738267.54
1503738267.54
900
1503738267.58
1503738267.58
900
1503738267.62
1503738267.62
900
1503738267.66
1503738267.66
900
1503738267.7
1503738267.7
900
1503738267.74
1503738267.74
900
1503738267.78
1503738267.78
900
1503738267.82
1503738267.82
900
1503738267.86
1503738267.86
900
1503738267.9
1503738267.9
900
1503738267.94
1503738267.94
900
1503738267.98
1503738267.98
900
1503738268.02
1503738268.02
900
1503738268.06
1503738268.06
900
1503738268.1
1503738268.1
900
1503738268.14
1503738268.14
900
1503738268.18
1503738268.18
900
1503738268.22
1503738268.22
900
1503738268.26
1503738268.26
900
1503738268.3
1503738268.3
900
1503738268.34
1503738268.34
900
1503738268.38
1503738268.38
900
1503738268.42
1503738268.42
900
1503738268.46
1503738268.46
900
1503738268.5
1503738268.5
900
1503738268.54
1503738268.54
900
1503738268.58
1503738268.58
900
1503738268.62
1503738268.62
900
1503738268.66
1503738268.66
900
1503738268.7
1503738268.7
900
1503738268.74
1503738268.74
900
1503738268.79
1503738268.79
900
1503738268.83
1503738268.83
900
1503738268.87
1503738268.87
900
1503738268.91
1503738268.91
900
1503738268.95
1503738268.95
900
1503738268.99
1503738268.99
900
1503738269.03
1503738269.03
900
1503738269.07
1503738269.07
900
1503738269.11
1503738269.11
900
1503738269.15
1503738269.15
900
1503738269.19
1503738269.19
900
1503738269.23
1503738269.23
900
1503738269.27
1503738269.27
900
1503738269.31
1503738269.31
900
1503738269.35
1503738269.35
900
1503738269.39
1503738269.39
900
1503738269.43
1503738269.43
900
1503738269.47
1503738269.47
900
1503738269.51
1503738269.51
900
1503738269.55
1503738269.55
900
1503738269.59
1503738269.59
900
1503738269.63
1503738269.63
900
1503738269.67
1503738269.67
900
1503738269.71
1503738269.71
900
1503738269.75
1503738269.75
900
1503738269.79
1503738269.79
900
1503738269.83
1503738269.83
900
1503738269.87
1503738269.87
900
1503738269.91
1503738269.91
900
1503738269.95
1503738269.95
900
1503738269.99
1503738269.99
900
1503738270.03
1503738270.03
900
1503738270.07
1503738270.07
900
1503738270.11
1503738270.11
900
1503738270.15
1503738270.15
900
1503738270.2
1503738270.2
900
1503738270.24
1503738270.24
900
1503738270.28
1503738270.28
900
1503738270.32
1503738270.32
900
1503738270.36
1503738270.36
900
1503738270.4
1503738270.4
900
1503738270.44
1503738270.44
900
1503738270.48
1503738270.48
900
1503738270.52
1503738270.52
900
1503738270.56
1503738270.56
900
1503738270.6
1503738270.6
900
1503738270.64
1503738270.64
900
1503738270.68
1503738270.68
900
1503738270.72
1503738270.72
900
1503738270.76
1503738270.76
900
1503738270.8
1503738270.8
900
1503738270.84
1503738270.84
900
1503738270.88
1503738270.88
900
1503738270.92
1503738270.92
900
1503738270.96
1503738270.96
900
1503738271.0
1503738271.0
900
1503738271.04
1503738271.04
900
1503738271.08
1503738271.08
900
1503738271.12
1503738271.12
900
1503738271.16
1503738271.16
900
1503738271.2
1503738271.2
900
1503738271.24
1503738271.24
900
1503738271.28
1503738271.28
900
1503738271.32
1503738271.32
900
1503738271.36
1503738271.36
900
1503738271.4
1503738271.4
900
1503738271.45
1503738271.45
900
1503738271.49
1503738271.49
900
1503738271.53
1503738271.53
900
1503738271.57
1503738271.57
900
1503738271.61
1503738271.61
900
1503738271.65
1503738271.65
900
1503738271.69
1503738271.69
900
1503738271.73
1503738271.73
900
1503738271.77
1503738271.77
900
1503738271.81
1503738271.81
900
1503738271.85
1503738271.85
900
1503738271.89
1503738271.89
900
1503738271.93
1503738271.93
900
1503738271.97
1503738271.97
900
1503738272.01
1503738272.01
900
1503738272.05
1503738272.05
900
1503738272.09
1503738272.09
900
1503738272.13
1503738272.13
900
1503738272.17
1503738272.17
900
1503738272.21
1503738272.21
900
1503738272.25
1503738272.25
900
1503738272.29
1503738272.29
900
1503738272.33
1503738272.33
900
1503738272.37
1503738272.37
900
1503738272.41
1503738272.41
900
1503738272.45
1503738272.45
900
1503738272.49
1503738272.49
900
1503738272.53
1503738272.53
900
1503738272.57
1503738272.57
900
1503738272.61
1503738272.61
900
1503738272.65
1503738272.65
900
1503738272.69
1503738272.69
900
1503738272.73
1503738272.73
900
1503738272.77
1503738272.77
900
1503738272.81
1503738272.81
900
1503738272.85
1503738272.85
900
1503738272.89
1503738272.89
900
1503738272.93
1503738272.93
900
1503738272.97
1503738272.97
900
1503738273.01
1503738273.01
900
1503738273.05
1503738273.05
900
1503738273.09
1503738273.09
900
1503738273.13
1503738273.13
900
1503738273.17
1503738273.17
900
1503738273.21
1503738273.21
900
1503738273.25
1503738273.25
900
1503738273.29
1503738273.29
900
1503738273.33
1503738273.33
900
1503738273.37
1503738273.37
900
1503738273.41
1503738273.41
900
1503738273.45
1503738273.45
900
1503738273.49
1503738273.49
900
1503738273.53
1503738273.53
900
1503738273.57
1503738273.57
900
1503738273.61
1503738273.61
900
1503738273.65
1503738273.65
900
1503738273.69
1503738273.69
900
1503738273.73
1503738273.73
900
1503738273.77
1503738273.77
900
1503738273.81
1503738273.81
900
1503738273.85
1503738273.85
900
1503738273.89
1503738273.89
900
1503738273.93
1503738273.93
900
1503738273.97
1503738273.97
900
1503738274.01
1503738274.01
900
1503738274.05
1503738274.05
900
1503738274.09
1503738274.09
900
1503738274.13
1503738274.13
900
1503738274.17
1503738274.17
900
1503738274.21
1503738274.21
900
1503738274.25
1503738274.25
900
1503738274.29
1503738274.29
900
1503738274.33
1503738274.33
900
1503738274.37
1503738274.37
900
1503738274.41
1503738274.41
900
1503738274.45
1503738274.45
900
1503738274.49
1503738274.49
900
1503738274.53
1503738274.53
900
1503738274.57
1503738274.57
900
1503738274.61
1503738274.61
900
1503738274.65
1503738274.65
900
1503738274.69
1503738274.69
900
1503738274.73
1503738274.73
900
1503738274.77
1503738274.77
900
1503738274.81
1503738274.81
900
1503738274.85
1503738274.85
900
1503738274.89
1503738274.89
900
1503738274.93
1503738274.93
900
1503738274.97
1503738274.97
900
1503738275.01
1503738275.01
900
1503738275.05
1503738275.05
900
1503738275.09
1503738275.09
900
1503738275.13
1503738275.13
900
1503738275.17
1503738275.17
900
1503738275.21
1503738275.21
900
1503738275.25
1503738275.25
900
1503738275.29
1503738275.29
900
1503738275.33
1503738275.33
900
1503738275.37
1503738275.37
900
1503738275.41
1503738275.41
900
1503738275.45
1503738275.45
900
1503738275.49
1503738275.49
900
1503738275.53
1503738275.53
900
1503738275.57
1503738275.57
900
1503738275.61
1503738275.61
900
1503738275.65
1503738275.65
900
1503738275.69
1503738275.69
900
1503738275.73
1503738275.73
900
1503738275.77
1503738275.77
900
1503738275.81
1503738275.81
900
1503738275.85
1503738275.85
900
1503738275.89
1503738275.89
900
1503738275.93
1503738275.93
900
1503738275.97
1503738275.97
900
1503738276.01
1503738276.01
900
1503738276.05
1503738276.05
900
1503738276.09
1503738276.09
900
1503738276.13
1503738276.13
900
1503738276.17
1503738276.17
900
1503738276.21
1503738276.21
900
1503738276.25
1503738276.25
900
1503738276.29
1503738276.29
900
1503738276.33
1503738276.33
900
1503738276.37
1503738276.37
900
1503738276.41
1503738276.41
900
1503738276.45
1503738276.45
900
1503738276.49
1503738276.49
900
1503738276.53
1503738276.53
900
1503738276.57
1503738276.57
900
1503738276.61
1503738276.61
900
1503738276.65
1503738276.65
900
1503738276.69
1503738276.69
900
1503738276.73
1503738276.73
900
1503738276.77
1503738276.77
900
1503738276.81
1503738276.81
900
1503738276.85
1503738276.85
900
1503738276.89
1503738276.89
900
1503738276.93
1503738276.93
900
1503738276.97
1503738276.97
900
1503738277.01
1503738277.01
900
1503738277.05
1503738277.05
900
1503738277.09
1503738277.09
900
1503738277.13
1503738277.13
900
1503738277.17
1503738277.17
900
1503738277.21
1503738277.21
900
1503738277.25
1503738277.25
900
1503738277.29
1503738277.29
900
1503738277.33
1503738277.33
900
1503738277.37
1503738277.37
900
1503738277.41
1503738277.41
900
1503738277.45
1503738277.45
900
1503738277.49
1503738277.49
900
1503738277.53
1503738277.53
900
1503738277.57
1503738277.57
900
1503738277.61
1503738277.61
900
1503738277.65
1503738277.65
900
1503738277.69
1503738277.69
900
1503738277.73
1503738277.73
900
1503738277.77
1503738277.77
900
1503738277.81
1503738277.81
900
1503738277.85
1503738277.85
900
1503738277.89
1503738277.89
900
1503738277.93
1503738277.93
900
1503738277.97
1503738277.97
900
1503738278.01
1503738278.01
900
1503738278.05
1503738278.05
900
1503738278.09
1503738278.09
900
1503738278.13
1503738278.13
900
1503738278.17
1503738278.17
900
1503738278.21
1503738278.21
900
1503738278.25
1503738278.25
900
1503738278.29
1503738278.29
900
1503738278.33
1503738278.33
900
1503738278.37
1503738278.37
900
1503738278.41
1503738278.41
900
1503738278.45
1503738278.45
900
1503738278.49
1503738278.49
900
1503738278.53
1503738278.53
900
1503738278.57
1503738278.57
900
1503738278.61
1503738278.61
900
1503738278.65
1503738278.65
900
1503738278.69
1503738278.69
900
1503738278.73
1503738278.73
900
1503738278.77
1503738278.77
900
1503738278.81
1503738278.81
900
1503738278.85
1503738278.85
900
1503738278.89
1503738278.89
900
1503738278.93
1503738278.93
900
1503738278.97
1503738278.97
900
1503738279.01
1503738279.01
900
1503738279.05
1503738279.05
900
1503738279.09
1503738279.09
900
1503738279.13
1503738279.13
900
1503738279.17
1503738279.17
900
1503738279.21
1503738279.21
900
1503738279.25
1503738279.25
900
1503738279.29
1503738279.29
900
1503738279.33
1503738279.33
900
1503738279.37
1503738279.37
900
1503738279.41
1503738279.41
900
1503738279.45
1503738279.45
900
1503738279.49
1503738279.49
900
1503738279.53
1503738279.53
900
1503738279.57
1503738279.57
900
1503738279.61
1503738279.61
900
1503738279.65
1503738279.65
900
1503738279.69
1503738279.69
900
1503738279.73
1503738279.73
900
1503738279.77
1503738279.77
900
1503738279.81
1503738279.81
900
1503738279.85
1503738279.85
900
1503738279.89
1503738279.89
900
1503738279.93
1503738279.93
900
1503738279.97
1503738279.97
900
1503738280.01
1503738280.01
900
1503738280.05
1503738280.05
900
1503738280.09
1503738280.09
900
1503738280.13
1503738280.13
900
1503738280.17
1503738280.17
900
1503738280.21
1503738280.21
900
1503738280.25
1503738280.25
900
1503738280.29
1503738280.29
900
1503738280.33
1503738280.33
900
1503738280.37
1503738280.37
900
1503738280.41
1503738280.41
900
1503738280.45
1503738280.45
900
1503738280.49
1503738280.49
900
1503738280.53
1503738280.53
900
1503738280.57
1503738280.57
900
1503738280.61
1503738280.61
900
1503738280.65
1503738280.65
900
1503738280.69
1503738280.69
900
1503738280.73
1503738280.73
900
1503738280.77
1503738280.77
900
1503738280.81
1503738280.81
900
1503738280.85
1503738280.85
900
1503738280.89
1503738280.89
900
1503738280.93
1503738280.93
900
1503738280.97
1503738280.97
900
1503738281.01
1503738281.01
900
1503738281.05
1503738281.05
900
1503738281.09
1503738281.09
900
1503738281.13
1503738281.13
900
1503738281.17
1503738281.17
900
1503738281.21
1503738281.21
900
1503738281.25
1503738281.25
900
1503738281.29
1503738281.29
900
1503738281.33
1503738281.33
900
1503738281.37
1503738281.37
900
1503738281.41
1503738281.41
900
1503738281.45
1503738281.45
900
1503738281.49
1503738281.49
900
1503738281.53
1503738281.53
900
1503738281.57
1503738281.57
900
1503738281.61
1503738281.61
900
1503738281.65
1503738281.65
900
1503738281.69
1503738281.69
900
1503738281.73
1503738281.73
900
1503738281.77
1503738281.77
900
1503738281.81
1503738281.81
900
1503738281.85
1503738281.85
900
1503738281.89
1503738281.89
900
1503738281.93
1503738281.93
900
1503738281.97
1503738281.97
900
1503738282.01
1503738282.01
900
1503738282.05
1503738282.05
900
1503738282.09
1503738282.09
900
1503738282.13
1503738282.13
900
1503738282.17
1503738282.17
900
1503738282.21
1503738282.21
900
1503738282.25
1503738282.25
900
1503738282.29
1503738282.29
900
1503738282.33
1503738282.33
900
1503738282.37
1503738282.37
900
1503738282.41
1503738282.41
900
1503738282.45
1503738282.45
900
1503738282.49
1503738282.49
900
1503738282.53
1503738282.53
900
1503738282.57
1503738282.57
900
1503738282.61
1503738282.61
900
1503738282.65
1503738282.65
900
1503738282.69
1503738282.69
900
1503738282.73
1503738282.73
900
1503738282.77
1503738282.77
900
1503738282.81
1503738282.81
900
1503738282.85
1503738282.85
900
1503738282.89
1503738282.89
900
1503738282.93
1503738282.93
900
1503738282.97
1503738282.97
900
1503738283.01
1503738283.01
900
1503738283.05
1503738283.05
900
1503738283.09
1503738283.09
900
1503738283.13
1503738283.13
900
1503738283.17
1503738283.17
900
1503738283.21
1503738283.21
900
1503738283.25
1503738283.25
900
1503738283.29
1503738283.29
900
1503738283.33
1503738283.33
900
1503738283.37
1503738283.37
900
1503738283.41
1503738283.41
900
1503738283.45
1503738283.45
900
1503738283.49
1503738283.49
900
1503738283.53
1503738283.53
900
1503738283.57
1503738283.57
900
1503738283.61
1503738283.61
900
1503738283.65
1503738283.65
900
1503738283.69
1503738283.69
900
1503738283.73
1503738283.73
900
1503738283.77
1503738283.77
900
1503738283.81
1503738283.81
900
1503738283.85
1503738283.85
900
1503738283.89
1503738283.89
900
1503738283.93
1503738283.93
900
1503738283.97
1503738283.97
900
1503738284.01
1503738284.01
900
1503738284.05
1503738284.05
900
1503738284.09
1503738284.09
900
1503738284.13
1503738284.13
900
1503738284.17
1503738284.17
900
1503738284.21
1503738284.21
900
1503738284.25
1503738284.25
900
1503738284.29
1503738284.29
900
1503738284.33
1503738284.33
900
1503738284.37
1503738284.37
900
1503738284.41
1503738284.41
900
1503738284.45
1503738284.45
900
1503738284.49
1503738284.49
900
1503738284.53
1503738284.53
900
1503738284.57
1503738284.57
900
1503738284.61
1503738284.61
900
1503738284.65
1503738284.65
900
1503738284.69
1503738284.69
900
1503738284.73
1503738284.73
900
1503738284.77
1503738284.77
900
1503738284.81
1503738284.81
900
1503738284.85
1503738284.85
900
1503738284.89
1503738284.89
900
1503738284.93
1503738284.93
900
1503738284.97
1503738284.97
900
1503738285.01
1503738285.01
900
1503738285.05
1503738285.05
900
1503738285.09
1503738285.09
900
1503738285.13
1503738285.13
900
1503738285.17
1503738285.17
900
1503738285.21
1503738285.21
900
1503738285.25
1503738285.25
900
1503738285.29
1503738285.29
900
1503738285.33
1503738285.33
900
1503738285.37
1503738285.37
900
1503738285.41
1503738285.41
900
1503738285.45
1503738285.45
900
1503738285.49
1503738285.49
900
1503738285.53
1503738285.53
900
1503738285.57
1503738285.57
900
1503738285.61
1503738285.61
900
1503738285.65
1503738285.65
900
1503738285.69
1503738285.69
900
1503738285.73
1503738285.73
900
1503738285.77
1503738285.77
900
1503738285.81
1503738285.81
900
1503738285.85
1503738285.85
900
1503738285.89
1503738285.89
900
1503738285.93
1503738285.93
900
1503738285.97
1503738285.97
900
1503738286.01
1503738286.01
900
1503738286.05
1503738286.05
900
1503738286.09
1503738286.09
900
1503738286.13
1503738286.13
900
1503738286.17
1503738286.17
900
1503738286.21
1503738286.21
900
1503738286.25
1503738286.25
900
1503738286.29
1503738286.29
900
1503738286.33
1503738286.33
900
1503738286.37
1503738286.37
900
1503738286.41
1503738286.41
900
1503738286.45
1503738286.45
900
1503738286.49
1503738286.49
900
1503738286.53
1503738286.53
900
1503738286.57
1503738286.57
900
1503738286.61
1503738286.61
900
1503738286.65
1503738286.65
900
1503738286.69
1503738286.69
900
1503738286.73
1503738286.73
900
1503738286.77
1503738286.77
900
1503738286.81
1503738286.81
900
1503738286.85
1503738286.85
900
1503738286.89
1503738286.89
900
1503738286.93
1503738286.93
900
1503738286.97
1503738286.97
900
1503738287.01
1503738287.01
900
1503738287.05
1503738287.05
900
1503738287.09
1503738287.09
900
1503738287.13
1503738287.13
900
1503738287.17
1503738287.17
900
1503738287.21
1503738287.21
900
1503738287.25
1503738287.25
900
1503738287.29
1503738287.29
900
1503738287.33
1503738287.33
900
1503738287.37
1503738287.37
900
1503738287.41
1503738287.41
900
1503738287.45
1503738287.45
900
1503738287.49
1503738287.49
900
1503738287.53
1503738287.53
900
1503738287.57
1503738287.57
900
1503738287.61
1503738287.61
900
1503738287.65
1503738287.65
900
1503738287.69
1503738287.69
900
1503738287.73
1503738287.73
900
1503738287.77
1503738287.77
900
1503738287.81
1503738287.81
900
1503738287.85
1503738287.85
900
1503738287.89
1503738287.89
900
1503738287.93
1503738287.93
900
1503738287.97
1503738287.97
900
1503738288.01
1503738288.01
900
1503738288.05
1503738288.05
900
1503738288.09
1503738288.09
900
1503738288.13
1503738288.13
900
1503738288.17
1503738288.17
900
1503738288.21
1503738288.21
900
1503738288.25
1503738288.25
900
1503738288.29
1503738288.29
900
1503738288.33
1503738288.33
900
1503738288.38
1503738288.38
900
1503738288.42
1503738288.42
900
1503738288.46
1503738288.46
900
1503738288.5
1503738288.5
900
1503738288.54
1503738288.54
900
1503738288.58
1503738288.58
900
1503738288.62
1503738288.62
900
1503738288.66
1503738288.66
900
1503738288.7
1503738288.7
900
1503738288.74
1503738288.74
900
1503738288.78
1503738288.78
900
1503738288.82
1503738288.82
900
1503738288.86
1503738288.86
900
1503738288.9
1503738288.9
900
1503738288.94
1503738288.94
900
1503738288.98
1503738288.98
900
1503738289.02
1503738289.02
900
1503738289.06
1503738289.06
900
1503738289.1
1503738289.1
900
1503738289.14
1503738289.14
900
1503738289.18
1503738289.18
900
1503738289.22
1503738289.22
900
1503738289.26
1503738289.26
900
1503738289.3
1503738289.3
900
1503738289.34
1503738289.34
900
1503738289.38
1503738289.38
900
1503738289.42
1503738289.42
900
1503738289.46
1503738289.46
900
1503738289.5
1503738289.5
900
1503738289.54
1503738289.54
900
1503738289.58
1503738289.58
900
1503738289.62
1503738289.62
900
1503738289.66
1503738289.66
900
1503738289.7
1503738289.7
900
1503738289.74
1503738289.74
900
1503738289.78
1503738289.78
900
1503738289.82
1503738289.82
900
1503738289.86
1503738289.86
900
1503738289.9
1503738289.9
900
1503738289.94
1503738289.94
900
1503738289.98
1503738289.98
900
1503738290.02
1503738290.02
900
1503738290.06
1503738290.06
900
1503738290.1
1503738290.1
900
1503738290.14
1503738290.14
900
1503738290.18
1503738290.18
900
1503738290.22
1503738290.22
900
1503738290.26
1503738290.26
900
1503738290.3
1503738290.3
900
1503738290.34
1503738290.34
900
1503738290.38
1503738290.38
900
1503738290.42
1503738290.42
900
1503738290.46
1503738290.46
900
1503738290.5
1503738290.5
900
1503738290.54
1503738290.54
900
1503738290.58
1503738290.58
900
1503738290.62
1503738290.62
900
1503738290.66
1503738290.66
900
1503738290.7
1503738290.7
900
1503738290.74
1503738290.74
900
1503738290.78
1503738290.78
900
1503738290.82
1503738290.82
900
1503738290.86
1503738290.86
900
1503738290.9
1503738290.9
900
1503738290.94
1503738290.94
900
1503738290.98
1503738290.98
900
1503738291.02
1503738291.02
900
1503738291.06
1503738291.06
900
1503738291.1
1503738291.1
900
1503738291.15
1503738291.15
900
1503738291.19
1503738291.19
900
1503738291.23
1503738291.23
900
1503738291.27
1503738291.27
900
1503738291.31
1503738291.31
900
1503738291.35
1503738291.35
900
1503738291.39
1503738291.39
900
1503738291.43
1503738291.43
900
1503738291.47
1503738291.47
900
1503738291.51
1503738291.51
900
1503738291.55
1503738291.55
900
1503738291.59
1503738291.59
900
1503738291.63
1503738291.63
900
1503738291.67
1503738291.67
900
1503738291.71
1503738291.71
900
1503738291.75
1503738291.75
900
1503738291.79
1503738291.79
900
1503738291.83
1503738291.83
900
1503738291.87
1503738291.87
900
1503738291.91
1503738291.91
900
1503738291.95
1503738291.95
900
1503738291.99
1503738291.99
900
1503738292.03
1503738292.03
900
1503738292.07
1503738292.07
900
1503738292.11
1503738292.11
900
1503738292.15
1503738292.15
900
1503738292.19
1503738292.19
900
1503738292.23
1503738292.23
900
1503738292.27
1503738292.27
900
1503738292.31
1503738292.31
900
1503738292.35
1503738292.35
900
1503738292.39
1503738292.39
900
1503738292.43
1503738292.43
900
1503738292.47
1503738292.47
900
1503738292.51
1503738292.51
900
1503738292.55
1503738292.55
900
1503738292.59
1503738292.59
900
1503738292.63
1503738292.63
900
1503738292.67
1503738292.67
900
1503738292.71
1503738292.71
900
1503738292.75
1503738292.75
900
1503738292.79
1503738292.79
900
1503738292.83
1503738292.83
900
1503738292.87
1503738292.87
900
1503738292.91
1503738292.91
900
1503738292.95
1503738292.95
900
1503738292.99
1503738292.99
900
1503738293.03
1503738293.03
900
1503738293.07
1503738293.07
900
1503738293.11
1503738293.11
900
1503738293.15
1503738293.15
900
1503738293.19
1503738293.19
900
1503738293.23
1503738293.23
900
1503738293.27
1503738293.27
900
1503738293.31
1503738293.31
900
1503738293.35
1503738293.35
900
1503738293.39
1503738293.39
900
1503738293.43
1503738293.43
900
1503738293.47
1503738293.47
900
1503738293.51
1503738293.51
900
1503738293.55
1503738293.55
900
1503738293.59
1503738293.59
900
1503738293.63
1503738293.63
900
1503738293.67
1503738293.67
900
1503738293.71
1503738293.71
900
1503738293.75
1503738293.75
900
1503738293.79
1503738293.79
900
1503738293.83
1503738293.83
900
1503738293.87
1503738293.87
900
1503738293.91
1503738293.91
900
1503738293.95
1503738293.95
900
1503738293.99
1503738293.99
900
1503738294.03
1503738294.03
900
1503738294.07
1503738294.07
900
1503738294.11
1503738294.11
900
1503738294.15
1503738294.15
900
1503738294.19
1503738294.19
900
1503738294.23
1503738294.23
900
1503738294.27
1503738294.27
900
1503738294.31
1503738294.31
900
1503738294.35
1503738294.35
900
1503738294.39
1503738294.39
900
1503738294.43
1503738294.43
900
1503738294.47
1503738294.47
900
1503738294.51
1503738294.51
900
1503738294.55
1503738294.55
900
1503738294.59
1503738294.59
900
1503738294.63
1503738294.63
900
1503738294.67
1503738294.67
900
1503738294.71
1503738294.71
900
1503738294.75
1503738294.75
900
1503738294.79
1503738294.79
900
1503738294.83
1503738294.83
900
1503738294.87
1503738294.87
900
1503738294.91
1503738294.91
900
1503738294.95
1503738294.95
900
1503738294.99
1503738294.99
900
1503738295.03
1503738295.03
900
1503738295.07
1503738295.07
900
1503738295.11
1503738295.11
900
1503738295.15
1503738295.15
900
1503738295.19
1503738295.19
900
1503738295.23
1503738295.23
900
1503738295.27
1503738295.27
900
1503738295.31
1503738295.31
900
1503738295.35
1503738295.35
900
1503738295.39
1503738295.39
900
1503738295.43
1503738295.43
900
1503738295.47
1503738295.47
900
1503738295.51
1503738295.51
900
1503738295.55
1503738295.55
900
1503738295.59
1503738295.59
900
1503738295.63
1503738295.63
900
1503738295.67
1503738295.67
900
1503738295.71
1503738295.71
900
1503738295.75
1503738295.75
900
1503738295.79
1503738295.79
900
1503738295.83
1503738295.83
900
1503738295.87
1503738295.87
900
1503738295.91
1503738295.91
900
1503738295.95
1503738295.95
900
1503738295.99
1503738295.99
900
1503738296.03
1503738296.03
900
1503738296.07
1503738296.07
900
1503738296.11
1503738296.11
900
1503738296.15
1503738296.15
900
1503738296.19
1503738296.19
900
1503738296.23
1503738296.23
900
1503738296.27
1503738296.27
